[debug] [2023-07-03T00:22:06.948Z] ----------------------------------------------------------------------
[debug] [2023-07-03T00:22:06.951Z] Command:       D:\nodejs\node.exe C:\Users\Admin\AppData\Roaming\npm\node_modules\firebase-tools\lib\bin\firebase.js deploy
[debug] [2023-07-03T00:22:06.952Z] CLI Version:   12.1.0
[debug] [2023-07-03T00:22:06.953Z] Platform:      win32
[debug] [2023-07-03T00:22:06.953Z] Node Version:  v18.14.0
[debug] [2023-07-03T00:22:06.954Z] Time:          Mon Jul 03 2023 07:22:06 GMT+0700 (Indochina Time)
[debug] [2023-07-03T00:22:06.954Z] ----------------------------------------------------------------------
[debug] 
[debug] [2023-07-03T00:22:06.959Z] >>> [apiv2][query] GET https://firebase-public.firebaseio.com/cli.json [none]
[debug] [2023-07-03T00:22:07.164Z] > command requires scopes: ["email","openid","https://www.googleapis.com/auth/cloudplatformprojects.readonly","https://www.googleapis.com/auth/firebase","https://www.googleapis.com/auth/cloud-platform"]
[debug] [2023-07-03T00:22:07.164Z] > authorizing via signed-in user (nhat2up@gmail.com)
[debug] [2023-07-03T00:22:07.165Z] [iam] checking project nha-trang-bus-tour for permissions ["firebase.projects.get","firebasehosting.sites.update"]
[debug] [2023-07-03T00:22:07.166Z] > refreshing access token with scopes: []
[debug] [2023-07-03T00:22:07.168Z] >>> [apiv2][query] POST https://www.googleapis.com/oauth2/v3/token [none]
[debug] [2023-07-03T00:22:07.168Z] >>> [apiv2][body] POST https://www.googleapis.com/oauth2/v3/token [omitted]
[debug] [2023-07-03T00:22:07.579Z] <<< [apiv2][status] POST https://www.googleapis.com/oauth2/v3/token 200
[debug] [2023-07-03T00:22:07.580Z] <<< [apiv2][body] POST https://www.googleapis.com/oauth2/v3/token [omitted]
[debug] [2023-07-03T00:22:07.624Z] >>> [apiv2][query] POST https://cloudresourcemanager.googleapis.com/v1/projects/nha-trang-bus-tour:testIamPermissions [none]
[debug] [2023-07-03T00:22:07.624Z] >>> [apiv2][(partial)header] POST https://cloudresourcemanager.googleapis.com/v1/projects/nha-trang-bus-tour:testIamPermissions x-goog-quota-user=projects/nha-trang-bus-tour
[debug] [2023-07-03T00:22:07.624Z] >>> [apiv2][body] POST https://cloudresourcemanager.googleapis.com/v1/projects/nha-trang-bus-tour:testIamPermissions {"permissions":["firebase.projects.get","firebasehosting.sites.update"]}
[debug] [2023-07-03T00:22:07.785Z] <<< [apiv2][status] GET https://firebase-public.firebaseio.com/cli.json 200
[debug] [2023-07-03T00:22:07.785Z] <<< [apiv2][body] GET https://firebase-public.firebaseio.com/cli.json {"cloudBuildErrorAfter":1594252800000,"cloudBuildWarnAfter":1590019200000,"defaultNode10After":1594252800000,"minVersion":"3.0.5","node8DeploysDisabledAfter":1613390400000,"node8RuntimeDisabledAfter":1615809600000,"node8WarnAfter":1600128000000}
[debug] [2023-07-03T00:22:08.713Z] <<< [apiv2][status] POST https://cloudresourcemanager.googleapis.com/v1/projects/nha-trang-bus-tour:testIamPermissions 200
[debug] [2023-07-03T00:22:08.713Z] <<< [apiv2][body] POST https://cloudresourcemanager.googleapis.com/v1/projects/nha-trang-bus-tour:testIamPermissions {"permissions":["firebase.projects.get","firebasehosting.sites.update"]}
[debug] [2023-07-03T00:22:08.719Z] >>> [apiv2][query] GET https://firebase.googleapis.com/v1beta1/projects/nha-trang-bus-tour [none]
[debug] [2023-07-03T00:22:09.142Z] <<< [apiv2][status] GET https://firebase.googleapis.com/v1beta1/projects/nha-trang-bus-tour 200
[debug] [2023-07-03T00:22:09.142Z] <<< [apiv2][body] GET https://firebase.googleapis.com/v1beta1/projects/nha-trang-bus-tour {"projectId":"nha-trang-bus-tour","projectNumber":"648855542832","displayName":"nha-trang-bus-tour","name":"projects/nha-trang-bus-tour","resources":{"hostingSite":"nha-trang-bus-tour"},"state":"ACTIVE","etag":"1_3f152321-886f-46ce-93d1-eff83339d489"}
[info] 
[info] === Deploying to 'nha-trang-bus-tour'...
[info] 
[info] i  deploying hosting 
[debug] [2023-07-03T00:22:09.182Z] >>> [apiv2][query] POST https://firebasehosting.googleapis.com/v1beta1/projects/-/sites/nha-trang-bus-tour/versions [none]
[debug] [2023-07-03T00:22:09.182Z] >>> [apiv2][body] POST https://firebasehosting.googleapis.com/v1beta1/projects/-/sites/nha-trang-bus-tour/versions {"status":"CREATED","labels":{"deployment-tool":"cli-firebase"}}
